mode: set
autolytiq/api-gateway/jwt_middleware.go:43.71,44.46 1 1
autolytiq/api-gateway/jwt_middleware.go:44.46,45.72 1 1
autolytiq/api-gateway/jwt_middleware.go:45.72,48.24 2 1
autolytiq/api-gateway/jwt_middleware.go:54.4,55.47 2 1
autolytiq/api-gateway/jwt_middleware.go:60.4,63.106 2 1
autolytiq/api-gateway/jwt_middleware.go:71.4,71.18 1 1
autolytiq/api-gateway/jwt_middleware.go:77.4,77.63 1 1
autolytiq/api-gateway/jwt_middleware.go:48.24,51.5 2 1
autolytiq/api-gateway/jwt_middleware.go:55.47,58.5 2 1
autolytiq/api-gateway/jwt_middleware.go:63.106,65.60 1 1
autolytiq/api-gateway/jwt_middleware.go:68.5,68.41 1 1
autolytiq/api-gateway/jwt_middleware.go:65.60,67.6 1 0
autolytiq/api-gateway/jwt_middleware.go:71.18,74.5 2 1
autolytiq/api-gateway/jwt_middleware.go:77.63,79.39 1 1
autolytiq/api-gateway/jwt_middleware.go:85.5,85.76 1 1
autolytiq/api-gateway/jwt_middleware.go:91.5,97.42 5 1
autolytiq/api-gateway/jwt_middleware.go:79.39,82.6 2 1
autolytiq/api-gateway/jwt_middleware.go:85.76,88.6 2 0
autolytiq/api-gateway/jwt_middleware.go:98.10,101.5 2 0
autolytiq/api-gateway/jwt_middleware.go:107.97,122.2 3 1
autolytiq/api-gateway/jwt_middleware.go:125.55,126.60 1 1
autolytiq/api-gateway/jwt_middleware.go:129.2,129.11 1 1
autolytiq/api-gateway/jwt_middleware.go:126.60,128.3 1 1
autolytiq/api-gateway/jwt_middleware.go:133.61,134.72 1 1
autolytiq/api-gateway/jwt_middleware.go:137.2,137.11 1 1
autolytiq/api-gateway/jwt_middleware.go:134.72,136.3 1 1
autolytiq/api-gateway/jwt_middleware.go:141.54,142.58 1 1
autolytiq/api-gateway/jwt_middleware.go:145.2,145.11 1 1
autolytiq/api-gateway/jwt_middleware.go:142.58,144.3 1 1
autolytiq/api-gateway/jwt_middleware.go:149.53,150.56 1 1
autolytiq/api-gateway/jwt_middleware.go:153.2,153.11 1 1
autolytiq/api-gateway/jwt_middleware.go:150.56,152.3 1 1
autolytiq/api-gateway/main.go:35.40,49.2 4 1
autolytiq/api-gateway/main.go:52.36,55.2 2 1
autolytiq/api-gateway/main.go:58.32,107.2 33 1
autolytiq/api-gateway/main.go:110.70,114.2 3 0
autolytiq/api-gateway/main.go:117.66,121.2 3 0
autolytiq/api-gateway/main.go:124.77,126.2 1 1
autolytiq/api-gateway/main.go:129.81,131.2 1 1
autolytiq/api-gateway/main.go:134.82,136.2 1 1
autolytiq/api-gateway/main.go:139.78,141.2 1 1
autolytiq/api-gateway/main.go:144.77,146.2 1 1
autolytiq/api-gateway/main.go:149.79,151.2 1 1
autolytiq/api-gateway/main.go:154.56,155.71 1 0
autolytiq/api-gateway/main.go:155.71,159.3 3 0
autolytiq/api-gateway/main.go:163.76,164.46 1 1
autolytiq/api-gateway/main.go:164.46,165.72 1 0
autolytiq/api-gateway/main.go:165.72,170.29 4 0
autolytiq/api-gateway/main.go:175.4,175.24 1 0
autolytiq/api-gateway/main.go:170.29,173.5 2 0
autolytiq/api-gateway/main.go:181.32,184.2 2 0
autolytiq/api-gateway/main.go:186.27,188.21 2 0
autolytiq/api-gateway/main.go:194.2,194.25 1 0
autolytiq/api-gateway/main.go:198.2,209.3 1 0
autolytiq/api-gateway/main.go:188.21,191.3 2 0
autolytiq/api-gateway/main.go:194.25,196.3 1 0
autolytiq/api-gateway/main.go:212.46,213.42 1 0
autolytiq/api-gateway/main.go:216.2,216.21 1 0
autolytiq/api-gateway/main.go:213.42,215.3 1 0
autolytiq/api-gateway/main.go:219.13,224.2 3 0
autolytiq/api-gateway/proxy.go:24.106,27.24 2 1
autolytiq/api-gateway/proxy.go:35.2,36.26 2 1
autolytiq/api-gateway/proxy.go:41.2,42.19 2 1
autolytiq/api-gateway/proxy.go:54.2,55.16 2 1
autolytiq/api-gateway/proxy.go:62.2,62.37 1 1
autolytiq/api-gateway/proxy.go:72.2,75.63 2 1
autolytiq/api-gateway/proxy.go:78.2,78.60 1 1
autolytiq/api-gateway/proxy.go:81.2,81.57 1 1
autolytiq/api-gateway/proxy.go:86.2,87.16 2 1
autolytiq/api-gateway/proxy.go:92.2,96.16 3 1
autolytiq/api-gateway/proxy.go:103.2,103.40 1 1
autolytiq/api-gateway/proxy.go:110.2,111.45 2 1
autolytiq/api-gateway/proxy.go:115.2,115.89 1 1
autolytiq/api-gateway/proxy.go:27.24,31.3 3 1
autolytiq/api-gateway/proxy.go:36.26,38.3 1 1
autolytiq/api-gateway/proxy.go:42.19,45.17 3 1
autolytiq/api-gateway/proxy.go:50.3,50.23 1 1
autolytiq/api-gateway/proxy.go:45.17,49.4 3 0
autolytiq/api-gateway/proxy.go:55.16,59.3 3 0
autolytiq/api-gateway/proxy.go:62.37,63.21 1 1
autolytiq/api-gateway/proxy.go:66.3,66.32 1 1
autolytiq/api-gateway/proxy.go:63.21,64.12 1 0
autolytiq/api-gateway/proxy.go:66.32,68.4 1 1
autolytiq/api-gateway/proxy.go:75.63,77.3 1 1
autolytiq/api-gateway/proxy.go:78.60,80.3 1 1
autolytiq/api-gateway/proxy.go:81.57,83.3 1 1
autolytiq/api-gateway/proxy.go:87.16,91.3 3 1
autolytiq/api-gateway/proxy.go:96.16,100.3 3 0
autolytiq/api-gateway/proxy.go:103.40,104.32 1 1
autolytiq/api-gateway/proxy.go:104.32,106.4 1 1
autolytiq/api-gateway/proxy.go:111.45,113.3 1 0
